app/build/intermediates/manifest_merge_blame_file/release/manifest-merger-blame-release-report.txt
1<?xml version="1.0" encoding="utf-8"?>
2<manifest xmlns:android="http://schemas.android.com/apk/res/android"
3    package="imken.messagevault.mobile"
4    android:versionCode="1"
5    android:versionName="0.0.1alpha_debug" >
6
7    <uses-sdk
8        android:minSdkVersion="24"
9        android:targetSdkVersion="34" />
10
11    <!-- 权限声明 -->
12    <!-- READ_SMS: 允许应用读取设备上的短信消息 - 用于备份短信内容 -->
13    <uses-permission android:name="android.permission.READ_SMS" />
13-->src\main\AndroidManifest.xml:7:5-67
13-->src\main\AndroidManifest.xml:7:22-64
14
15    <!-- READ_CALL_LOG: 允许应用读取通话记录 - 用于备份通话历史 -->
16    <uses-permission android:name="android.permission.READ_CALL_LOG" />
16-->src\main\AndroidManifest.xml:10:5-72
16-->src\main\AndroidManifest.xml:10:22-69
17
18    <!-- READ_CONTACTS: 允许备份联系人 -->
19    <uses-permission android:name="android.permission.READ_CONTACTS" />
19-->src\main\AndroidManifest.xml:13:5-72
19-->src\main\AndroidManifest.xml:13:22-69
20
21    <!-- WRITE_SMS: 允许应用写入短信消息 - 用于恢复功能 -->
22    <uses-permission android:name="android.permission.SEND_SMS" />
22-->src\main\AndroidManifest.xml:16:5-67
22-->src\main\AndroidManifest.xml:16:22-64
23
24    <!-- WRITE_CALL_LOG: 允许应用写入通话记录 - 用于恢复功能 -->
25    <uses-permission android:name="android.permission.WRITE_CALL_LOG" />
25-->src\main\AndroidManifest.xml:19:5-73
25-->src\main\AndroidManifest.xml:19:22-70
26
27    <!-- WRITE_CONTACTS: 允许备份联系人 -->
28    <uses-permission android:name="android.permission.WRITE_CONTACTS" />
28-->src\main\AndroidManifest.xml:22:5-73
28-->src\main\AndroidManifest.xml:22:22-70
29
30    <!-- INTERNET: 允许应用连接互联网 - 用于将备份数据发送到服务器 -->
31    <uses-permission android:name="android.permission.INTERNET" />
31-->src\main\AndroidManifest.xml:25:5-67
31-->src\main\AndroidManifest.xml:25:22-64
32
33    <!-- ACCESS_NETWORK_STATE: 允许应用检查网络连接状态 - 用于在发送数据前确认网络可用 -->
34    <uses-permission android:name="android.permission.ACCESS_NETWORK_STATE" />
34-->src\main\AndroidManifest.xml:28:5-79
34-->src\main\AndroidManifest.xml:28:22-76
35
36    <!--
37         WRITE_EXTERNAL_STORAGE: 允许应用写入外部存储 - 用于本地备份文件
38         注意：对于API 29及以上版本，应使用分区存储代替此权限
39    -->
40    <uses-permission
40-->src\main\AndroidManifest.xml:32:5-33:51
41        android:name="android.permission.WRITE_EXTERNAL_STORAGE"
41-->src\main\AndroidManifest.xml:32:22-78
42        android:maxSdkVersion="28" />
42-->src\main\AndroidManifest.xml:33:22-48
43
44    <permission
44-->[androidx.core:core:1.12.0] AndroidManifest.xml:22:5-24:47
45        android:name="imken.messagevault.mobile.DYNAMIC_RECEIVER_NOT_EXPORTED_PERMISSION"
45-->[androidx.core:core:1.12.0] AndroidManifest.xml:23:9-81
46        android:protectionLevel="signature" />
46-->[androidx.core:core:1.12.0] AndroidManifest.xml:24:9-44
47
48    <uses-permission android:name="imken.messagevault.mobile.DYNAMIC_RECEIVER_NOT_EXPORTED_PERMISSION" />
48-->[androidx.core:core:1.12.0] AndroidManifest.xml:26:5-97
48-->[androidx.core:core:1.12.0] AndroidManifest.xml:26:22-94
49    <!--
50 可扩展点：将来可能需要的额外权限
51         - RECEIVE_BOOT_COMPLETED: 允许开机自启动备份服务 
52    -->
53    <application
53-->src\main\AndroidManifest.xml:39:5-78:19
54        android:allowBackup="true"
54-->src\main\AndroidManifest.xml:40:9-35
55        android:appComponentFactory="androidx.core.app.CoreComponentFactory"
55-->[androidx.core:core:1.12.0] AndroidManifest.xml:28:18-86
56        android:enableOnBackInvokedCallback="true"
56-->src\main\AndroidManifest.xml:45:9-51
57        android:extractNativeLibs="false"
58        android:icon="@mipmap/ic_launcher"
58-->src\main\AndroidManifest.xml:41:9-43
59        android:label="@string/app_name"
59-->src\main\AndroidManifest.xml:42:9-41
60        android:roundIcon="@mipmap/ic_launcher_round"
60-->src\main\AndroidManifest.xml:43:9-54
61        android:supportsRtl="true"
61-->src\main\AndroidManifest.xml:44:9-35
62        android:theme="@style/Theme.MessageVault" >
62-->src\main\AndroidManifest.xml:46:9-50
63
64        <!-- 主活动 - 应用入口点 -->
65        <activity
65-->src\main\AndroidManifest.xml:49:9-57:20
66            android:name="imken.messagevault.mobile.MainActivity"
66-->src\main\AndroidManifest.xml:50:13-41
67            android:exported="true"
67-->src\main\AndroidManifest.xml:51:13-36
68            android:theme="@style/Theme.MessageVault" >
68-->src\main\AndroidManifest.xml:52:13-54
69            <intent-filter>
69-->src\main\AndroidManifest.xml:53:13-56:29
70                <action android:name="android.intent.action.MAIN" />
70-->src\main\AndroidManifest.xml:54:17-69
70-->src\main\AndroidManifest.xml:54:25-66
71
72                <category android:name="android.intent.category.LAUNCHER" />
72-->src\main\AndroidManifest.xml:55:17-77
72-->src\main\AndroidManifest.xml:55:27-74
73            </intent-filter>
74        </activity>
75
76        <!--
77        可扩展点：后台服务组件
78        <service
79            android:name=".service.BackupService"
80            android:enabled="true"
81            android:exported="false" />
82        
83        <receiver
84            android:name=".receiver.BackupAlarmReceiver"
85            android:enabled="true"
86            android:exported="false" />
87        -->
88
89
90        <!--
91        可扩展点：内容提供者，用于共享备份数据
92        <provider
93            android:name=".provider.MessageVaultProvider"
94            android:authorities="imken.messagevault.mobile.provider"
95            android:enabled="true"
96            android:exported="false" />
97        -->
98        <provider
98-->[androidx.emoji2:emoji2:1.3.0] AndroidManifest.xml:24:9-32:20
99            android:name="androidx.startup.InitializationProvider"
99-->[androidx.emoji2:emoji2:1.3.0] AndroidManifest.xml:25:13-67
100            android:authorities="imken.messagevault.mobile.androidx-startup"
100-->[androidx.emoji2:emoji2:1.3.0] AndroidManifest.xml:26:13-68
101            android:exported="false" >
101-->[androidx.emoji2:emoji2:1.3.0] AndroidManifest.xml:27:13-37
102            <meta-data
102-->[androidx.emoji2:emoji2:1.3.0] AndroidManifest.xml:29:13-31:52
103                android:name="androidx.emoji2.text.EmojiCompatInitializer"
103-->[androidx.emoji2:emoji2:1.3.0] AndroidManifest.xml:30:17-75
104                android:value="androidx.startup" />
104-->[androidx.emoji2:emoji2:1.3.0] AndroidManifest.xml:31:17-49
105            <meta-data
105-->[androidx.lifecycle:lifecycle-process:2.7.0] AndroidManifest.xml:29:13-31:52
106                android:name="androidx.lifecycle.ProcessLifecycleInitializer"
106-->[androidx.lifecycle:lifecycle-process:2.7.0] AndroidManifest.xml:30:17-78
107                android:value="androidx.startup" />
107-->[androidx.lifecycle:lifecycle-process:2.7.0] AndroidManifest.xml:31:17-49
108            <meta-data
108-->[androidx.profileinstaller:profileinstaller:1.3.0] AndroidManifest.xml:29:13-31:52
109                android:name="androidx.profileinstaller.ProfileInstallerInitializer"
109-->[androidx.profileinstaller:profileinstaller:1.3.0] AndroidManifest.xml:30:17-85
110                android:value="androidx.startup" />
110-->[androidx.profileinstaller:profileinstaller:1.3.0] AndroidManifest.xml:31:17-49
111        </provider>
112
113        <service
113-->[androidx.room:room-runtime:2.6.1] AndroidManifest.xml:24:9-28:63
114            android:name="androidx.room.MultiInstanceInvalidationService"
114-->[androidx.room:room-runtime:2.6.1] AndroidManifest.xml:25:13-74
115            android:directBootAware="true"
115-->[androidx.room:room-runtime:2.6.1] AndroidManifest.xml:26:13-43
116            android:exported="false" />
116-->[androidx.room:room-runtime:2.6.1] AndroidManifest.xml:27:13-37
117
118        <receiver
118-->[androidx.profileinstaller:profileinstaller:1.3.0] AndroidManifest.xml:34:9-52:20
119            android:name="androidx.profileinstaller.ProfileInstallReceiver"
119-->[androidx.profileinstaller:profileinstaller:1.3.0] AndroidManifest.xml:35:13-76
120            android:directBootAware="false"
120-->[androidx.profileinstaller:profileinstaller:1.3.0] AndroidManifest.xml:36:13-44
121            android:enabled="true"
121-->[androidx.profileinstaller:profileinstaller:1.3.0] AndroidManifest.xml:37:13-35
122            android:exported="true"
122-->[androidx.profileinstaller:profileinstaller:1.3.0] AndroidManifest.xml:38:13-36
123            android:permission="android.permission.DUMP" >
123-->[androidx.profileinstaller:profileinstaller:1.3.0] AndroidManifest.xml:39:13-57
124            <intent-filter>
124-->[androidx.profileinstaller:profileinstaller:1.3.0] AndroidManifest.xml:40:13-42:29
125                <action android:name="androidx.profileinstaller.action.INSTALL_PROFILE" />
125-->[androidx.profileinstaller:profileinstaller:1.3.0] AndroidManifest.xml:41:17-91
125-->[androidx.profileinstaller:profileinstaller:1.3.0] AndroidManifest.xml:41:25-88
126            </intent-filter>
127            <intent-filter>
127-->[androidx.profileinstaller:profileinstaller:1.3.0] AndroidManifest.xml:43:13-45:29
128                <action android:name="androidx.profileinstaller.action.SKIP_FILE" />
128-->[androidx.profileinstaller:profileinstaller:1.3.0] AndroidManifest.xml:44:17-85
128-->[androidx.profileinstaller:profileinstaller:1.3.0] AndroidManifest.xml:44:25-82
129            </intent-filter>
130            <intent-filter>
130-->[androidx.profileinstaller:profileinstaller:1.3.0] AndroidManifest.xml:46:13-48:29
131                <action android:name="androidx.profileinstaller.action.SAVE_PROFILE" />
131-->[androidx.profileinstaller:profileinstaller:1.3.0] AndroidManifest.xml:47:17-88
131-->[androidx.profileinstaller:profileinstaller:1.3.0] AndroidManifest.xml:47:25-85
132            </intent-filter>
133            <intent-filter>
133-->[androidx.profileinstaller:profileinstaller:1.3.0] AndroidManifest.xml:49:13-51:29
134                <action android:name="androidx.profileinstaller.action.BENCHMARK_OPERATION" />
134-->[androidx.profileinstaller:profileinstaller:1.3.0] AndroidManifest.xml:50:17-95
134-->[androidx.profileinstaller:profileinstaller:1.3.0] AndroidManifest.xml:50:25-92
135            </intent-filter>
136        </receiver>
137    </application>
138
139</manifest>